
> persiantoolbox@2.0.2 build /workspace/persiantoolbox
> pnpm generate:og && next build


> persiantoolbox@2.0.2 generate:og /workspace/persiantoolbox
> node scripts/generate-og-images.mjs

Generated 9 opengraph images.
Attention: Next.js now collects completely anonymous telemetry regarding usage.
This information is used to shape Next.js' roadmap and prioritize features.
You can learn more, including how to opt-out if you'd not like to participate in this anonymous program, by visiting the following URL:
https://nextjs.org/telemetry

▲ Next.js 16.1.6 (Turbopack)

  Creating an optimized production build ...
✓ Compiled successfully in 12.7s
  Running TypeScript ...
  Collecting page data using 16 workers ...
  Generating static pages using 16 workers (0/74) ...
  Generating static pages using 16 workers (18/74) 
  Generating static pages using 16 workers (36/74) 
  Generating static pages using 16 workers (55/74) 
✓ Generating static pages using 16 workers (74/74) in 2.1s
  Finalizing page optimization ...

Route (app)
┌ ƒ /
├ ƒ /_not-found
├ ƒ /about
├ ƒ /account
├ ƒ /admin/monetization
├ ƒ /admin/site-settings
├ ƒ /ads
├ ƒ /api/admin/site-settings
├ ƒ /api/analytics
├ ƒ /api/auth/login
├ ƒ /api/auth/logout
├ ƒ /api/auth/me
├ ƒ /api/auth/register
├ ƒ /api/data/salary-laws
├ ƒ /api/health
├ ƒ /api/history
├ ƒ /api/history/share
├ ƒ /api/history/share/[token]
├ ƒ /api/subscription/checkout
├ ƒ /api/subscription/confirm
├ ƒ /api/subscription/status
├ ƒ /api/subscription/webhook
├ ƒ /brand
├ ƒ /case-studies
├ ƒ /checkout/[id]
├ ƒ /dashboard
├ ƒ /date-tools
├ ƒ /deployment-roadmap
├ ƒ /developers
├ ƒ /how-it-works
├ ƒ /image-tools
├ ○ /image-tools/opengraph-image-gvvo3q
├ ƒ /interest
├ ○ /interest/opengraph-image-5wxi43
├ ƒ /loan
├ ○ /loan/opengraph-image-1x71vt
├ ○ /manifest.webmanifest
├ ƒ /offline
├ ○ /opengraph-image
├ ƒ /pdf-tools
├ ƒ /pdf-tools/compress/compress-pdf
├ ○ /pdf-tools/compress/compress-pdf/opengraph-image-1n9uwn
├ ƒ /pdf-tools/convert/image-to-pdf
├ ○ /pdf-tools/convert/image-to-pdf/opengraph-image-1809vl
├ ƒ /pdf-tools/convert/pdf-to-image
├ ○ /pdf-tools/convert/pdf-to-image/opengraph-image-1yvwx0
├ ƒ /pdf-tools/convert/pdf-to-text
├ ƒ /pdf-tools/convert/word-to-pdf
├ ƒ /pdf-tools/edit/delete-pages
├ ƒ /pdf-tools/edit/reorder-pages
├ ƒ /pdf-tools/edit/rotate-pages
├ ƒ /pdf-tools/extract/extract-pages
├ ƒ /pdf-tools/extract/extract-text
├ ƒ /pdf-tools/merge
├ ƒ /pdf-tools/merge/merge-pdf
├ ○ /pdf-tools/merge/merge-pdf/opengraph-image-1v4o34
├ ○ /pdf-tools/opengraph-image-1xyls7
├ ƒ /pdf-tools/paginate/add-page-numbers
├ ƒ /pdf-tools/security/decrypt-pdf
├ ƒ /pdf-tools/security/encrypt-pdf
├ ƒ /pdf-tools/split/split-pdf
├ ƒ /pdf-tools/watermark/add-watermark
├ ƒ /plans
├ ƒ /privacy
├ ƒ /pro
├ ƒ /roadmap-board
├ ○ /robots.txt
├ ƒ /salary
├ ○ /salary/opengraph-image-1tu19b
├ ƒ /services
├ ○ /sitemap.xml
├ ƒ /subscription-roadmap
├ ƒ /support
├ ƒ /text-tools
├ ƒ /text-tools/address-fa-to-en
├ ƒ /tools
├ ƒ /topics
├ ƒ /topics/[category]
├ ○ /twitter-image
└ ƒ /validation-tools


ƒ Proxy (Middleware)

○  (Static)   prerendered as static content
ƒ  (Dynamic)  server-rendered on demand

